<?xml version="1.0" encoding="utf-8"?>
<TestRun id="60d670a9-e403-42cc-9c9d-6ae4f1afbc0c" name="x@dev 2020-10-30 20:34:27" runUser="dev\x"
  xmlns="http://microsoft.com/schemas/VisualStudio/TeamTest/2010">
  <Times creation="2020-10-30T20:34:27.8514442+01:00" queuing="2020-10-30T20:34:27.8514453+01:00" start="2020-10-30T20:34:26.6780735+01:00" finish="2020-10-30T20:34:28.1233905+01:00" />
  <TestSettings name="default" id="44186008-3ae1-4798-935c-15fb81ae2c65">
    <Deployment runDeploymentRoot="x_dev_2020-10-30_20_34_27" />
  </TestSettings>
  <Results>
    <UnitTestResult executionId="" testId="" testName="" computerName="" duration="" startTime="" endTime="" testType="" outcome="" testListId="" relativeResultsDirectory="">
    </UnitTestResult>
  </TestDefinitions>
  <TestEntries>
    <TestEntry testId="3da3570c-b73f-2c00-1833-5a9c9b9682ee" executionId="8e084df1-a0e2-4d63-9096-a0818801e2c1" testListId="8c84fa94-04c1-424b-9868-57a2d4851a1d" />
    <TestEntry testId="8b53fcfa-8a18-4357-0e34-6d8cfd514115" executionId="66674b08-ab75-4426-b8d8-0c2163954524" testListId="8c84fa94-04c1-424b-9868-57a2d4851a1d" />
  </TestEntries>
  <TestLists>
    <TestList name="Ergebnisse nicht in einer Liste" id="8c84fa94-04c1-424b-9868-57a2d4851a1d" />
    <TestList name="Alle geladenen Ergebnisse" id="19431567-8539-422a-85d7-44ee4e166bda" />
  </TestLists>
  <ResultSummary outcome="Failed">
    <Counters total="2" executed="2" passed="1" failed="1" error="0" timeout="0" aborted="0" inconclusive="0" passedButRunAborted="0" notRunnable="0" notExecuted="0" disconnected="0" warning="0" completed="0" inProgress="0" pending="0" />
    <Output>
      <StdOut>Der Test "GetTime_Seperated_By_Doubledot" wurde im Testlauf übersprungen.&#xD;
Der Test "GetDate_Not_Seperated_By_Doubledot" wurde im Testlauf übersprungen.&#xD;
Der Test "Equality" wurde im Testlauf übersprungen.&#xD;
      </StdOut>
    </Output>
  </ResultSummary>
</TestRun>