<?xml version="1.0" encoding="utf-8"?>
<TestRun id="60d670a9-e403-42cc-9c9d-6ae4f1afbc0c" name="x@dev 2020-10-30 20:34:27" runUser="dev\x" xmlns="http://microsoft.com/schemas/VisualStudio/TeamTest/2010">
  <Times creation="2020-10-30T20:34:27.8514442+01:00" queuing="2020-10-30T20:34:27.8514453+01:00" start="2020-10-30T20:34:26.6780735+01:00" finish="2020-10-30T20:34:28.1233905+01:00" />
  <TestSettings name="default" id="44186008-3ae1-4798-935c-15fb81ae2c65">
    <Deployment runDeploymentRoot="x_dev_2020-10-30_20_34_27" />
  </TestSettings>
  <Results>
    <UnitTestResult executionId="5627188d-83a6-4baa-b56e-e22c887f9940" testId="e944fe6c-ba81-22b1-2080-387299d4c650" testName="Compare_Test" computerName="dev" duration="00:00:00.0055684" startTime="2020-10-30T20:34:27.9968819+01:00" endTime="2020-10-30T20:34:28.0038288+01:00" testType="13cdc9d9-ddb5-4fa4-a97d-d965ccfc6d4b" outcome="Failed" testListId="8c84fa94-04c1-424b-9868-57a2d4851a1d" relativeResultsDirectory="56c7188d-83a6-4baa-b56e-e22c887f9940" resultType="DataDrivenTest">
      <InnerResults>
        <UnitTestResult executionId="2c6349d0-c8f4-4895-8329-828cf86a20c7" parentExecutionId="56c7188d-83a6-4baa-b56e-e22c887f9940" testId="e944fe6c-ba81-22b1-2080-387299d4c650" testName="Compare_Test (12,12,True)" computerName="dev" duration="00:00:00.0021710" startTime="2020-10-30T20:34:27.9968819+01:00" endTime="2020-10-30T20:34:28.0038288+01:00" testType="13cdc9d9-ddb5-4fa4-a97d-d965ccfc6d4b" outcome="Failed" testListId="8c84fa94-04c1-424b-9868-57a2d4851a1d" relativeResultsDirectory="2c6349d0-c8f4-4895-8329-828cf86a20c7" dataRowInfo="1" resultType="DataDrivenDataRow">
          <Output>
            <ErrorInfo>
              <Message>Assert.Fail failed. Assert.Equals should not be used for Assertions. Please use Assert.AreEqual &amp; overloads instead.</Message>
              <StackTrace>   at Tracker.Core.Domain.WorkItems.UnitTests.WorkItemTests.Compare_Test(String leftid, String rightid, Boolean equivalent) in c\WorkItems\WorkItemTests.cs:line 72&#xD;
</StackTrace>
            </ErrorInfo>
          </Output>
        </UnitTestResult>
        <UnitTestResult executionId="01ab2424-f74b-488e-963b-2a634f8abaa9" parentExecutionId="56c7188d-83a6-4baa-b56e-e22c887f9940" testId="e944fe6c-ba81-22b1-2080-387299d4c650" testName="Compare_Test (12,13,False)" computerName="dev" duration="00:00:00.0005079" startTime="2020-10-30T20:34:27.9968819+01:00" endTime="2020-10-30T20:34:28.0038288+01:00" testType="13cdc9d9-ddb5-4fa4-a97d-d965ccfc6d4b" outcome="Failed" testListId="8c84fa94-04c1-424b-9868-57a2d4851a1d" relativeResultsDirectory="01ab2424-f74b-488e-963b-2a634f8abaa9" dataRowInfo="2" resultType="DataDrivenDataRow">
          <Output>
            <ErrorInfo>
              <Message>Assert.Fail failed. Assert.Equals should not be used for Assertions. Please use Assert.AreEqual &amp; overloads instead.</Message>
              <StackTrace>   at Tracker.Core.Domain.WorkItems.UnitTests.WorkItemTests.Compare_Test(String leftid, String rightid, Boolean equivalent) in c\WorkItems\WorkItemTests.cs:line 72&#xD;
</StackTrace>
            </ErrorInfo>
          </Output>
        </UnitTestResult>
        <UnitTestResult executionId="9d434eaa-88cb-4819-a03b-20741b484e1f" parentExecutionId="56c7188d-83a6-4baa-b56e-e22c887f9940" testId="e944fe6c-ba81-22b1-2080-387299d4c650" testName="Compare_Test (13,12,True)" computerName="dev" duration="00:00:00.0004222" startTime="2020-10-30T20:34:27.9968819+01:00" endTime="2020-10-30T20:34:28.0038288+01:00" testType="13cdc9d9-ddb5-4fa4-a97d-d965ccfc6d4b" outcome="Failed" testListId="8c84fa94-04c1-424b-9868-57a2d4851a1d" relativeResultsDirectory="9d434eaa-88cb-4819-a03b-20741b484e1f" dataRowInfo="3" resultType="DataDrivenDataRow">
          <Output>
            <ErrorInfo>
              <Message>Assert.Fail failed. Assert.Equals should not be used for Assertions. Please use Assert.AreEqual &amp; overloads instead.</Message>
              <StackTrace>   at Tracker.Core.Domain.WorkItems.UnitTests.WorkItemTests.Compare_Test(String leftid, String rightid, Boolean equivalent) in c\WorkItems\WorkItemTests.cs:line 72&#xD;
</StackTrace>
            </ErrorInfo>
          </Output>
        </UnitTestResult>
        <UnitTestResult executionId="dd6b4605-577c-4690-8f9f-fefabec3d59d" parentExecutionId="56c7188d-83a6-4baa-b56e-e22c887f9940" testId="e944fe6c-ba81-22b1-2080-387299d4c650" testName="Compare_Test (13,13,False)" computerName="dev" duration="00:00:00.0004437" startTime="2020-10-30T20:34:27.9968819+01:00" endTime="2020-10-30T20:34:28.0038288+01:00" testType="13cdc9d9-ddb5-4fa4-a97d-d965ccfc6d4b" outcome="Failed" testListId="8c84fa94-04c1-424b-9868-57a2d4851a1d" relativeResultsDirectory="dd6b4605-577c-4690-8f9f-fefabec3d59d" dataRowInfo="4" resultType="DataDrivenDataRow">
          <Output>
            <ErrorInfo>
              <Message>Assert.Fail failed. Assert.Equals should not be used for Assertions. Please use Assert.AreEqual &amp; overloads instead.</Message>
              <StackTrace>   at Tracker.Core.Domain.WorkItems.UnitTests.WorkItemTests.Compare_Test(String leftid, String rightid, Boolean equivalent) in c\WorkItems\WorkItemTests.cs:line 72&#xD;
</StackTrace>
            </ErrorInfo>
          </Output>
        </UnitTestResult>
        <UnitTestResult executionId="dd6c4605-577c-4690-8f9f-fefabec3d59d" parentExecutionId="56c7188d-83a6-4baa-b56e-e22c887f9940" testId="e944fe6c-ba81-22b1-2080-387299d4c650" testName="Compare_Test (13,14,False)" computerName="dev" duration="00:00:00.0004437" startTime="2020-10-30T20:34:27.9968819+01:00" endTime="2020-10-30T20:34:28.0038288+01:00" testType="13cdc9d9-ddb5-4fa4-a97d-d965ccfc6d4b" outcome="Failed" testListId="8c84fa94-04c1-424b-9868-57a2d4851a1d" relativeResultsDirectory="dd6b4605-577c-4690-8f9f-fefabec3d59d" dataRowInfo="" resultType="">
          <Output>
            <ErrorInfo>
              <Message>Assert.Fail failed. Assert.Equals should not be used for Assertions. Please use Assert.AreEqual &amp; overloads instead.</Message>
              <StackTrace>   at Tracker.Core.Domain.WorkItems.UnitTests.WorkItemTests.Compare_Test(String leftid, String rightid, Boolean equivalent) in c\WorkItems\WorkItemTests.cs:line 72&#xD;
</StackTrace>
            </ErrorInfo>
          </Output>
        </UnitTestResult>
        <UnitTestResult executionId="ad6c4605-577c-4690-8f9f-fefabec3d59d" parentExecutionId="56c7188d-83a6-4baa-b56e-e22c887f9940" testId="e944fe6c-ba81-22b1-2080-387299d4c650" testName="Compare_Test (13,14,False)" computerName="dev" duration="00:00:00.0004437" startTime="2020-10-30T20:34:27.9968819+01:00" endTime="2020-10-30T20:34:28.0038288+01:00" testType="13cdc9d9-ddb5-4fa4-a97d-d965ccfc6d4b" outcome="Failed" testListId="8c84fa94-04c1-424b-9868-57a2d4851a1d" relativeResultsDirectory="dd6b4605-577c-4690-8f9f-fefabec3d59d">
          <Output>
            <ErrorInfo>
              <Message>Assert.Fail failed. Assert.Equals should not be used for Assertions. Please use Assert.AreEqual &amp; overloads instead.</Message>
              <StackTrace>   at Tracker.Core.Domain.WorkItems.UnitTests.WorkItemTests.Compare_Test(String leftid, String rightid, Boolean equivalent) in c\WorkItems\WorkItemTests.cs:line 72&#xD;
</StackTrace>
            </ErrorInfo>
          </Output>
        </UnitTestResult>
      </InnerResults>
    </UnitTestResult>
    </Results>
  <TestDefinitions>
    <UnitTest name="Compare_Test" storage="unittests.dll" id="e944fe6c-ba81-22b1-2080-387299d4c650">
      <Execution id="56c7188d-83a6-4baa-b56e-e22c887f9940" />
      <TestMethod codeBase="UnitTests.dll" adapterTypeName="executor://mstestadapter/v2" className="Tracker.Core.Domain.WorkItems.UnitTests.WorkItemTests" name="Compare_Test" />
    </UnitTest>
  </TestDefinitions>
  <TestEntries>
    <TestEntry testId="e944fe6c-ba81-22b1-2080-387299d4c650" executionId="56c7188d-83a6-4baa-b56e-e22c887f9940" testListId="8c84fa94-04c1-424b-9868-57a2d4851a1d" />
  </TestEntries>
  <TestLists>
    <TestList name="Ergebnisse nicht in einer Liste" id="8c84fa94-04c1-424b-9868-57a2d4851a1d" />
    <TestList name="Alle geladenen Ergebnisse" id="19431567-8539-422a-85d7-44ee4e166bda" />
  </TestLists>
  <ResultSummary outcome="Failed">
    <Counters total="4" executed="4" passed="0" failed="4" error="0" timeout="0" aborted="0" inconclusive="0" passedButRunAborted="0" notRunnable="0" notExecuted="0" disconnected="0" warning="0" completed="0" inProgress="0" pending="0" />
    <Output>
      <StdOut>Der Test "GetTime_Seperated_By_Doubledot" wurde im Testlauf übersprungen.&#xD;
Der Test "GetDate_Not_Seperated_By_Doubledot" wurde im Testlauf übersprungen.&#xD;
Der Test "Equality" wurde im Testlauf übersprungen.&#xD;
</StdOut>
    </Output>
  </ResultSummary>
</TestRun>